\BOOKMARK [0][-]{chapter.1}{\376\377\000D\000a\000t\000a\000\040\000S\000t\000r\000u\000c\000t\000u\000r\000e\000\040\000I\000n\000d\000e\000x}{}
\BOOKMARK [1][-]{section.1.1}{\376\377\000D\000a\000t\000a\000\040\000S\000t\000r\000u\000c\000t\000u\000r\000e\000s}{chapter.1}
\BOOKMARK [0][-]{chapter.2}{\376\377\000F\000i\000l\000e\000\040\000I\000n\000d\000e\000x}{}
\BOOKMARK [1][-]{section.2.1}{\376\377\000F\000i\000l\000e\000\040\000L\000i\000s\000t}{chapter.2}
\BOOKMARK [0][-]{chapter.3}{\376\377\000D\000a\000t\000a\000\040\000S\000t\000r\000u\000c\000t\000u\000r\000e\000\040\000D\000o\000c\000u\000m\000e\000n\000t\000a\000t\000i\000o\000n}{}
\BOOKMARK [1][-]{section.3.1}{\376\377\000G\000r\000a\000p\000h\000\040\000S\000t\000r\000u\000c\000t\000\040\000R\000e\000f\000e\000r\000e\000n\000c\000e}{chapter.3}
\BOOKMARK [2][-]{subsection.3.1.1}{\376\377\000D\000e\000t\000a\000i\000l\000e\000d\000\040\000D\000e\000s\000c\000r\000i\000p\000t\000i\000o\000n}{section.3.1}
\BOOKMARK [2][-]{subsection.3.1.2}{\376\377\000F\000i\000e\000l\000d\000\040\000D\000o\000c\000u\000m\000e\000n\000t\000a\000t\000i\000o\000n}{section.3.1}
\BOOKMARK [3][-]{subsubsection.3.1.2.1}{\376\377\000\137\000l\000g}{subsection.3.1.2}
\BOOKMARK [3][-]{subsubsection.3.1.2.2}{\376\377\000\137\000m\000g}{subsection.3.1.2}
\BOOKMARK [1][-]{section.3.2}{\376\377\000I\000t\000e\000m\000\137\000s\000\040\000S\000t\000r\000u\000c\000t\000\040\000R\000e\000f\000e\000r\000e\000n\000c\000e}{chapter.3}
\BOOKMARK [2][-]{subsection.3.2.1}{\376\377\000F\000i\000e\000l\000d\000\040\000D\000o\000c\000u\000m\000e\000n\000t\000a\000t\000i\000o\000n}{section.3.2}
\BOOKMARK [3][-]{subsubsection.3.2.1.1}{\376\377\000\137\000n\000e\000x\000t}{subsection.3.2.1}
\BOOKMARK [3][-]{subsubsection.3.2.1.2}{\376\377\000\137\000n\000u\000m}{subsection.3.2.1}
\BOOKMARK [3][-]{subsubsection.3.2.1.3}{\376\377\000\137\000p\000r\000e\000v}{subsection.3.2.1}
\BOOKMARK [3][-]{subsubsection.3.2.1.4}{\376\377\000\137\000v\000a\000l}{subsection.3.2.1}
\BOOKMARK [1][-]{section.3.3}{\376\377\000L\000i\000s\000t\000\040\000S\000t\000r\000u\000c\000t\000\040\000R\000e\000f\000e\000r\000e\000n\000c\000e}{chapter.3}
\BOOKMARK [2][-]{subsection.3.3.1}{\376\377\000F\000i\000e\000l\000d\000\040\000D\000o\000c\000u\000m\000e\000n\000t\000a\000t\000i\000o\000n}{section.3.3}
\BOOKMARK [3][-]{subsubsection.3.3.1.1}{\376\377\000\137\000b\000e\000g\000i\000n}{subsection.3.3.1}
\BOOKMARK [3][-]{subsubsection.3.3.1.2}{\376\377\000\137\000e\000n\000d}{subsection.3.3.1}
\BOOKMARK [3][-]{subsubsection.3.3.1.3}{\376\377\000\137\000n\000b}{subsection.3.3.1}
\BOOKMARK [1][-]{section.3.4}{\376\377\000L\000i\000s\000t\000G\000r\000a\000p\000h\000\040\000S\000t\000r\000u\000c\000t\000\040\000R\000e\000f\000e\000r\000e\000n\000c\000e}{chapter.3}
\BOOKMARK [2][-]{subsection.3.4.1}{\376\377\000D\000e\000t\000a\000i\000l\000e\000d\000\040\000D\000e\000s\000c\000r\000i\000p\000t\000i\000o\000n}{section.3.4}
\BOOKMARK [2][-]{subsection.3.4.2}{\376\377\000F\000i\000e\000l\000d\000\040\000D\000o\000c\000u\000m\000e\000n\000t\000a\000t\000i\000o\000n}{section.3.4}
\BOOKMARK [3][-]{subsubsection.3.4.2.1}{\376\377\000\137\000i\000n\000N\000e\000i\000g\000h\000b}{subsection.3.4.2}
\BOOKMARK [3][-]{subsubsection.3.4.2.2}{\376\377\000\137\000n\000b\000E\000d\000g\000e}{subsection.3.4.2}
\BOOKMARK [3][-]{subsubsection.3.4.2.3}{\376\377\000\137\000n\000b\000V\000e\000r\000t}{subsection.3.4.2}
\BOOKMARK [3][-]{subsubsection.3.4.2.4}{\376\377\000\137\000o\000u\000t\000N\000e\000i\000g\000h\000b}{subsection.3.4.2}
\BOOKMARK [1][-]{section.3.5}{\376\377\000M\000a\000t\000G\000r\000a\000p\000h\000\040\000S\000t\000r\000u\000c\000t\000\040\000R\000e\000f\000e\000r\000e\000n\000c\000e}{chapter.3}
\BOOKMARK [2][-]{subsection.3.5.1}{\376\377\000D\000e\000t\000a\000i\000l\000e\000d\000\040\000D\000e\000s\000c\000r\000i\000p\000t\000i\000o\000n}{section.3.5}
\BOOKMARK [2][-]{subsection.3.5.2}{\376\377\000F\000i\000e\000l\000d\000\040\000D\000o\000c\000u\000m\000e\000n\000t\000a\000t\000i\000o\000n}{section.3.5}
\BOOKMARK [3][-]{subsubsection.3.5.2.1}{\376\377\000\137\000m\000a\000t}{subsection.3.5.2}
\BOOKMARK [3][-]{subsubsection.3.5.2.2}{\376\377\000\137\000n\000b\000E\000d\000g\000e}{subsection.3.5.2}
\BOOKMARK [3][-]{subsubsection.3.5.2.3}{\376\377\000\137\000n\000b\000V\000e\000r\000t}{subsection.3.5.2}
\BOOKMARK [0][-]{chapter.4}{\376\377\000F\000i\000l\000e\000\040\000D\000o\000c\000u\000m\000e\000n\000t\000a\000t\000i\000o\000n}{}
\BOOKMARK [1][-]{section.4.1}{\376\377\000s\000r\000c\000/\000g\000r\000a\000p\000h\000.\000c\000\040\000F\000i\000l\000e\000\040\000R\000e\000f\000e\000r\000e\000n\000c\000e}{chapter.4}
\BOOKMARK [2][-]{subsection.4.1.1}{\376\377\000F\000u\000n\000c\000t\000i\000o\000n\000\040\000D\000o\000c\000u\000m\000e\000n\000t\000a\000t\000i\000o\000n}{section.4.1}
\BOOKMARK [3][-]{subsubsection.4.1.1.1}{\376\377\000a\000l\000l\000o\000c\000G\000r\000a\000p\000h}{subsection.4.1.1}
\BOOKMARK [3][-]{subsubsection.4.1.1.2}{\376\377\000a\000l\000l\000o\000c\000L\000i\000s\000t\000G\000r\000a\000p\000h}{subsection.4.1.1}
\BOOKMARK [3][-]{subsubsection.4.1.1.3}{\376\377\000a\000l\000l\000o\000c\000M\000a\000t\000G\000r\000a\000p\000h}{subsection.4.1.1}
\BOOKMARK [3][-]{subsubsection.4.1.1.4}{\376\377\000c\000o\000p\000y\000G\000r\000a\000p\000h}{subsection.4.1.1}
\BOOKMARK [3][-]{subsubsection.4.1.1.5}{\376\377\000e\000d\000g\000e\000V\000a\000l}{subsection.4.1.1}
\BOOKMARK [3][-]{subsubsection.4.1.1.6}{\376\377\000f\000r\000e\000e\000G\000r\000a\000p\000h}{subsection.4.1.1}
\BOOKMARK [3][-]{subsubsection.4.1.1.7}{\376\377\000i\000n\000N\000e\000i\000g\000h\000b}{subsection.4.1.1}
\BOOKMARK [3][-]{subsubsection.4.1.1.8}{\376\377\000n\000b\000E\000d\000g\000e}{subsection.4.1.1}
\BOOKMARK [3][-]{subsubsection.4.1.1.9}{\376\377\000n\000b\000V\000e\000r\000t}{subsection.4.1.1}
\BOOKMARK [3][-]{subsubsection.4.1.1.10}{\376\377\000o\000u\000t\000N\000e\000i\000g\000h\000b}{subsection.4.1.1}
\BOOKMARK [3][-]{subsubsection.4.1.1.11}{\376\377\000p\000r\000i\000n\000t\000G\000r\000a\000p\000h}{subsection.4.1.1}
\BOOKMARK [3][-]{subsubsection.4.1.1.12}{\376\377\000p\000r\000i\000n\000t\000G\000r\000a\000p\000h\000L\000i\000s\000t}{subsection.4.1.1}
\BOOKMARK [3][-]{subsubsection.4.1.1.13}{\376\377\000r\000a\000n\000d\000F\000i\000l\000l}{subsection.4.1.1}
\BOOKMARK [3][-]{subsubsection.4.1.1.14}{\376\377\000s\000e\000t\000E\000d\000g\000e}{subsection.4.1.1}
\BOOKMARK [1][-]{section.4.2}{\376\377\000s\000r\000c\000/\000g\000r\000a\000p\000h\000.\000h\000\040\000F\000i\000l\000e\000\040\000R\000e\000f\000e\000r\000e\000n\000c\000e}{chapter.4}
\BOOKMARK [2][-]{subsection.4.2.1}{\376\377\000D\000e\000f\000i\000n\000e\000\040\000D\000o\000c\000u\000m\000e\000n\000t\000a\000t\000i\000o\000n}{section.4.2}
\BOOKMARK [3][-]{subsubsection.4.2.1.1}{\376\377\000l\000g}{subsection.4.2.1}
\BOOKMARK [3][-]{subsubsection.4.2.1.2}{\376\377\000m\000g}{subsection.4.2.1}
\BOOKMARK [2][-]{subsection.4.2.2}{\376\377\000F\000u\000n\000c\000t\000i\000o\000n\000\040\000D\000o\000c\000u\000m\000e\000n\000t\000a\000t\000i\000o\000n}{section.4.2}
\BOOKMARK [3][-]{subsubsection.4.2.2.1}{\376\377\000a\000l\000l\000o\000c\000G\000r\000a\000p\000h}{subsection.4.2.2}
\BOOKMARK [3][-]{subsubsection.4.2.2.2}{\376\377\000a\000l\000l\000o\000c\000L\000i\000s\000t\000G\000r\000a\000p\000h}{subsection.4.2.2}
\BOOKMARK [3][-]{subsubsection.4.2.2.3}{\376\377\000a\000l\000l\000o\000c\000M\000a\000t\000G\000r\000a\000p\000h}{subsection.4.2.2}
\BOOKMARK [3][-]{subsubsection.4.2.2.4}{\376\377\000c\000o\000p\000y\000G\000r\000a\000p\000h}{subsection.4.2.2}
\BOOKMARK [3][-]{subsubsection.4.2.2.5}{\376\377\000e\000d\000g\000e\000V\000a\000l}{subsection.4.2.2}
\BOOKMARK [3][-]{subsubsection.4.2.2.6}{\376\377\000f\000r\000e\000e\000G\000r\000a\000p\000h}{subsection.4.2.2}
\BOOKMARK [3][-]{subsubsection.4.2.2.7}{\376\377\000i\000n\000N\000e\000i\000g\000h\000b}{subsection.4.2.2}
\BOOKMARK [3][-]{subsubsection.4.2.2.8}{\376\377\000n\000b\000E\000d\000g\000e}{subsection.4.2.2}
\BOOKMARK [3][-]{subsubsection.4.2.2.9}{\376\377\000n\000b\000V\000e\000r\000t}{subsection.4.2.2}
\BOOKMARK [3][-]{subsubsection.4.2.2.10}{\376\377\000o\000u\000t\000N\000e\000i\000g\000h\000b}{subsection.4.2.2}
\BOOKMARK [3][-]{subsubsection.4.2.2.11}{\376\377\000p\000r\000i\000n\000t\000G\000r\000a\000p\000h}{subsection.4.2.2}
\BOOKMARK [3][-]{subsubsection.4.2.2.12}{\376\377\000p\000r\000i\000n\000t\000G\000r\000a\000p\000h\000L\000i\000s\000t}{subsection.4.2.2}
\BOOKMARK [3][-]{subsubsection.4.2.2.13}{\376\377\000r\000a\000n\000d\000F\000i\000l\000l}{subsection.4.2.2}
\BOOKMARK [3][-]{subsubsection.4.2.2.14}{\376\377\000s\000e\000t\000E\000d\000g\000e}{subsection.4.2.2}
\BOOKMARK [1][-]{section.4.3}{\376\377\000s\000r\000c\000/\000g\000r\000a\000p\000h\000e\000\137\000a\000l\000g\000o\000s\000.\000c\000\040\000F\000i\000l\000e\000\040\000R\000e\000f\000e\000r\000e\000n\000c\000e}{chapter.4}
\BOOKMARK [2][-]{subsection.4.3.1}{\376\377\000F\000u\000n\000c\000t\000i\000o\000n\000\040\000D\000o\000c\000u\000m\000e\000n\000t\000a\000t\000i\000o\000n}{section.4.3}
\BOOKMARK [3][-]{subsubsection.4.3.1.1}{\376\377\000g\000r\000a\000p\000h\000e\000E\000c\000a\000r\000t}{subsection.4.3.1}
\BOOKMARK [3][-]{subsubsection.4.3.1.2}{\376\377\000p\000l\000u\000s\000C\000o\000u\000r\000t\000C\000h\000e\000m\000i\000n}{subsection.4.3.1}
\BOOKMARK [3][-]{subsubsection.4.3.1.3}{\376\377\000p\000l\000u\000s\000C\000o\000u\000r\000t\000C\000h\000e\000m\000i\000n\000R\000e\000c}{subsection.4.3.1}
\BOOKMARK [1][-]{section.4.4}{\376\377\000s\000r\000c\000/\000g\000r\000a\000p\000h\000e\000\137\000a\000l\000g\000o\000s\000.\000h\000\040\000F\000i\000l\000e\000\040\000R\000e\000f\000e\000r\000e\000n\000c\000e}{chapter.4}
\BOOKMARK [2][-]{subsection.4.4.1}{\376\377\000F\000u\000n\000c\000t\000i\000o\000n\000\040\000D\000o\000c\000u\000m\000e\000n\000t\000a\000t\000i\000o\000n}{section.4.4}
\BOOKMARK [3][-]{subsubsection.4.4.1.1}{\376\377\000g\000r\000a\000p\000h\000e\000E\000c\000a\000r\000t}{subsection.4.4.1}
\BOOKMARK [3][-]{subsubsection.4.4.1.2}{\376\377\000p\000l\000u\000s\000C\000o\000u\000r\000t\000C\000h\000e\000m\000i\000n}{subsection.4.4.1}
\BOOKMARK [1][-]{section.4.5}{\376\377\000s\000r\000c\000/\000g\000r\000a\000p\000h\000e\000\137\000t\000e\000s\000t\000.\000c\000\040\000F\000i\000l\000e\000\040\000R\000e\000f\000e\000r\000e\000n\000c\000e}{chapter.4}
\BOOKMARK [2][-]{subsection.4.5.1}{\376\377\000F\000u\000n\000c\000t\000i\000o\000n\000\040\000D\000o\000c\000u\000m\000e\000n\000t\000a\000t\000i\000o\000n}{section.4.5}
\BOOKMARK [3][-]{subsubsection.4.5.1.1}{\376\377\000r\000e\000m\000p\000l\000i\000r\000T\000e\000s\000t\0001}{subsection.4.5.1}
\BOOKMARK [1][-]{section.4.6}{\376\377\000s\000r\000c\000/\000l\000i\000s\000t\000.\000c\000\040\000F\000i\000l\000e\000\040\000R\000e\000f\000e\000r\000e\000n\000c\000e}{chapter.4}
\BOOKMARK [2][-]{subsection.4.6.1}{\376\377\000F\000u\000n\000c\000t\000i\000o\000n\000\040\000D\000o\000c\000u\000m\000e\000n\000t\000a\000t\000i\000o\000n}{section.4.6}
\BOOKMARK [3][-]{subsubsection.4.6.1.1}{\376\377\000a\000l\000l\000o\000c\000L\000i\000s\000t}{subsection.4.6.1}
\BOOKMARK [3][-]{subsubsection.4.6.1.2}{\376\377\000c\000o\000p\000y\000L\000i\000s\000t}{subsection.4.6.1}
\BOOKMARK [3][-]{subsubsection.4.6.1.3}{\376\377\000f\000r\000e\000e\000L\000i\000s\000t}{subsection.4.6.1}
\BOOKMARK [3][-]{subsubsection.4.6.1.4}{\376\377\000i\000n\000s\000e\000r\000t\000N\000u\000m}{subsection.4.6.1}
\BOOKMARK [3][-]{subsubsection.4.6.1.5}{\376\377\000p\000o\000p\000H\000e\000a\000d}{subsection.4.6.1}
\BOOKMARK [3][-]{subsubsection.4.6.1.6}{\376\377\000p\000o\000p\000N\000u\000m}{subsection.4.6.1}
\BOOKMARK [3][-]{subsubsection.4.6.1.7}{\376\377\000p\000o\000p\000T\000a\000i\000l}{subsection.4.6.1}
\BOOKMARK [3][-]{subsubsection.4.6.1.8}{\376\377\000p\000r\000i\000n\000t\000L\000i\000s\000t}{subsection.4.6.1}
\BOOKMARK [3][-]{subsubsection.4.6.1.9}{\376\377\000p\000r\000i\000n\000t\000L\000i\000s\000t\000R\000e\000v\000e\000r\000s\000e}{subsection.4.6.1}
\BOOKMARK [3][-]{subsubsection.4.6.1.10}{\376\377\000p\000u\000s\000h\000H\000e\000a\000d}{subsection.4.6.1}
\BOOKMARK [3][-]{subsubsection.4.6.1.11}{\376\377\000p\000u\000s\000h\000T\000a\000i\000l}{subsection.4.6.1}
\BOOKMARK [3][-]{subsubsection.4.6.1.12}{\376\377\000v\000a\000l\000O\000f\000N\000u\000m}{subsection.4.6.1}
\BOOKMARK [1][-]{section.4.7}{\376\377\000s\000r\000c\000/\000l\000i\000s\000t\000.\000h\000\040\000F\000i\000l\000e\000\040\000R\000e\000f\000e\000r\000e\000n\000c\000e}{chapter.4}
\BOOKMARK [2][-]{subsection.4.7.1}{\376\377\000D\000e\000f\000i\000n\000e\000\040\000D\000o\000c\000u\000m\000e\000n\000t\000a\000t\000i\000o\000n}{section.4.7}
\BOOKMARK [3][-]{subsubsection.4.7.1.1}{\376\377\000b\000e\000g\000i\000n}{subsection.4.7.1}
\BOOKMARK [3][-]{subsubsection.4.7.1.2}{\376\377\000e\000n\000d}{subsection.4.7.1}
\BOOKMARK [3][-]{subsubsection.4.7.1.3}{\376\377\000n\000b}{subsection.4.7.1}
\BOOKMARK [3][-]{subsubsection.4.7.1.4}{\376\377\000n\000e\000x\000t}{subsection.4.7.1}
\BOOKMARK [3][-]{subsubsection.4.7.1.5}{\376\377\000n\000u\000m}{subsection.4.7.1}
\BOOKMARK [3][-]{subsubsection.4.7.1.6}{\376\377\000p\000r\000e\000v}{subsection.4.7.1}
\BOOKMARK [3][-]{subsubsection.4.7.1.7}{\376\377\000v\000a\000l}{subsection.4.7.1}
\BOOKMARK [2][-]{subsection.4.7.2}{\376\377\000T\000y\000p\000e\000d\000e\000f\000\040\000D\000o\000c\000u\000m\000e\000n\000t\000a\000t\000i\000o\000n}{section.4.7}
\BOOKMARK [3][-]{subsubsection.4.7.2.1}{\376\377\000I\000t\000e\000m}{subsection.4.7.2}
\BOOKMARK [2][-]{subsection.4.7.3}{\376\377\000F\000u\000n\000c\000t\000i\000o\000n\000\040\000D\000o\000c\000u\000m\000e\000n\000t\000a\000t\000i\000o\000n}{section.4.7}
\BOOKMARK [3][-]{subsubsection.4.7.3.1}{\376\377\000a\000l\000l\000o\000c\000L\000i\000s\000t}{subsection.4.7.3}
\BOOKMARK [3][-]{subsubsection.4.7.3.2}{\376\377\000c\000o\000p\000y\000L\000i\000s\000t}{subsection.4.7.3}
\BOOKMARK [3][-]{subsubsection.4.7.3.3}{\376\377\000f\000r\000e\000e\000L\000i\000s\000t}{subsection.4.7.3}
\BOOKMARK [3][-]{subsubsection.4.7.3.4}{\376\377\000i\000n\000s\000e\000r\000t\000N\000u\000m}{subsection.4.7.3}
\BOOKMARK [3][-]{subsubsection.4.7.3.5}{\376\377\000p\000o\000p\000H\000e\000a\000d}{subsection.4.7.3}
\BOOKMARK [3][-]{subsubsection.4.7.3.6}{\376\377\000p\000o\000p\000N\000u\000m}{subsection.4.7.3}
\BOOKMARK [3][-]{subsubsection.4.7.3.7}{\376\377\000p\000o\000p\000T\000a\000i\000l}{subsection.4.7.3}
\BOOKMARK [3][-]{subsubsection.4.7.3.8}{\376\377\000p\000r\000i\000n\000t\000L\000i\000s\000t}{subsection.4.7.3}
\BOOKMARK [3][-]{subsubsection.4.7.3.9}{\376\377\000p\000r\000i\000n\000t\000L\000i\000s\000t\000R\000e\000v\000e\000r\000s\000e}{subsection.4.7.3}
\BOOKMARK [3][-]{subsubsection.4.7.3.10}{\376\377\000p\000u\000s\000h\000H\000e\000a\000d}{subsection.4.7.3}
\BOOKMARK [3][-]{subsubsection.4.7.3.11}{\376\377\000p\000u\000s\000h\000T\000a\000i\000l}{subsection.4.7.3}
\BOOKMARK [3][-]{subsubsection.4.7.3.12}{\376\377\000v\000a\000l\000O\000f\000N\000u\000m}{subsection.4.7.3}
\BOOKMARK [1][-]{section.4.8}{\376\377\000s\000r\000c\000/\000l\000i\000s\000t\000\137\000g\000r\000a\000p\000h\000.\000c\000\040\000F\000i\000l\000e\000\040\000R\000e\000f\000e\000r\000e\000n\000c\000e}{chapter.4}
\BOOKMARK [2][-]{subsection.4.8.1}{\376\377\000D\000e\000f\000i\000n\000e\000\040\000D\000o\000c\000u\000m\000e\000n\000t\000a\000t\000i\000o\000n}{section.4.8}
\BOOKMARK [3][-]{subsubsection.4.8.1.1}{\376\377\000i\000n}{subsection.4.8.1}
\BOOKMARK [3][-]{subsubsection.4.8.1.2}{\376\377\000n\000b\000E\000d\000g\000e}{subsection.4.8.1}
\BOOKMARK [3][-]{subsubsection.4.8.1.3}{\376\377\000n\000b\000V\000e\000r\000t}{subsection.4.8.1}
\BOOKMARK [3][-]{subsubsection.4.8.1.4}{\376\377\000o\000u\000t}{subsection.4.8.1}
\BOOKMARK [2][-]{subsection.4.8.2}{\376\377\000F\000u\000n\000c\000t\000i\000o\000n\000\040\000D\000o\000c\000u\000m\000e\000n\000t\000a\000t\000i\000o\000n}{section.4.8}
\BOOKMARK [3][-]{subsubsection.4.8.2.1}{\376\377\000l\000\137\000a\000l\000l\000o\000c\000G\000r\000a\000p\000h}{subsection.4.8.2}
\BOOKMARK [3][-]{subsubsection.4.8.2.2}{\376\377\000l\000\137\000c\000o\000p\000y\000G\000r\000a\000p\000h}{subsection.4.8.2}
\BOOKMARK [3][-]{subsubsection.4.8.2.3}{\376\377\000l\000\137\000e\000d\000g\000e\000V\000a\000l}{subsection.4.8.2}
\BOOKMARK [3][-]{subsubsection.4.8.2.4}{\376\377\000l\000\137\000f\000r\000e\000e\000G\000r\000a\000p\000h}{subsection.4.8.2}
\BOOKMARK [3][-]{subsubsection.4.8.2.5}{\376\377\000l\000\137\000i\000n\000N\000e\000i\000g\000h\000b}{subsection.4.8.2}
\BOOKMARK [3][-]{subsubsection.4.8.2.6}{\376\377\000l\000\137\000o\000u\000t\000N\000e\000i\000g\000h\000b}{subsection.4.8.2}
\BOOKMARK [3][-]{subsubsection.4.8.2.7}{\376\377\000l\000\137\000p\000r\000i\000n\000t\000L\000i\000s\000t\000G\000r\000a\000p\000h}{subsection.4.8.2}
\BOOKMARK [3][-]{subsubsection.4.8.2.8}{\376\377\000l\000\137\000s\000e\000t\000E\000d\000g\000e}{subsection.4.8.2}
\BOOKMARK [1][-]{section.4.9}{\376\377\000s\000r\000c\000/\000l\000i\000s\000t\000\137\000g\000r\000a\000p\000h\000.\000h\000\040\000F\000i\000l\000e\000\040\000R\000e\000f\000e\000r\000e\000n\000c\000e}{chapter.4}
\BOOKMARK [2][-]{subsection.4.9.1}{\376\377\000F\000u\000n\000c\000t\000i\000o\000n\000\040\000D\000o\000c\000u\000m\000e\000n\000t\000a\000t\000i\000o\000n}{section.4.9}
\BOOKMARK [3][-]{subsubsection.4.9.1.1}{\376\377\000l\000\137\000a\000l\000l\000o\000c\000G\000r\000a\000p\000h}{subsection.4.9.1}
\BOOKMARK [3][-]{subsubsection.4.9.1.2}{\376\377\000l\000\137\000c\000o\000p\000y\000G\000r\000a\000p\000h}{subsection.4.9.1}
\BOOKMARK [3][-]{subsubsection.4.9.1.3}{\376\377\000l\000\137\000e\000d\000g\000e\000V\000a\000l}{subsection.4.9.1}
\BOOKMARK [3][-]{subsubsection.4.9.1.4}{\376\377\000l\000\137\000f\000r\000e\000e\000G\000r\000a\000p\000h}{subsection.4.9.1}
\BOOKMARK [3][-]{subsubsection.4.9.1.5}{\376\377\000l\000\137\000i\000n\000N\000e\000i\000g\000h\000b}{subsection.4.9.1}
\BOOKMARK [3][-]{subsubsection.4.9.1.6}{\376\377\000l\000\137\000o\000u\000t\000N\000e\000i\000g\000h\000b}{subsection.4.9.1}
\BOOKMARK [3][-]{subsubsection.4.9.1.7}{\376\377\000l\000\137\000p\000r\000i\000n\000t\000L\000i\000s\000t\000G\000r\000a\000p\000h}{subsection.4.9.1}
\BOOKMARK [3][-]{subsubsection.4.9.1.8}{\376\377\000l\000\137\000s\000e\000t\000E\000d\000g\000e}{subsection.4.9.1}
\BOOKMARK [1][-]{section.4.10}{\376\377\000s\000r\000c\000/\000m\000a\000i\000n\000.\000c\000\040\000F\000i\000l\000e\000\040\000R\000e\000f\000e\000r\000e\000n\000c\000e}{chapter.4}
\BOOKMARK [2][-]{subsection.4.10.1}{\376\377\000F\000u\000n\000c\000t\000i\000o\000n\000\040\000D\000o\000c\000u\000m\000e\000n\000t\000a\000t\000i\000o\000n}{section.4.10}
\BOOKMARK [3][-]{subsubsection.4.10.1.1}{\376\377\000m\000a\000i\000n}{subsection.4.10.1}
\BOOKMARK [1][-]{section.4.11}{\376\377\000s\000r\000c\000/\000m\000a\000t\000\137\000g\000r\000a\000p\000h\000.\000c\000\040\000F\000i\000l\000e\000\040\000R\000e\000f\000e\000r\000e\000n\000c\000e}{chapter.4}
\BOOKMARK [2][-]{subsection.4.11.1}{\376\377\000D\000e\000f\000i\000n\000e\000\040\000D\000o\000c\000u\000m\000e\000n\000t\000a\000t\000i\000o\000n}{section.4.11}
\BOOKMARK [3][-]{subsubsection.4.11.1.1}{\376\377\000m\000a\000t}{subsection.4.11.1}
\BOOKMARK [3][-]{subsubsection.4.11.1.2}{\376\377\000n\000b\000E\000d\000g\000e}{subsection.4.11.1}
\BOOKMARK [3][-]{subsubsection.4.11.1.3}{\376\377\000n\000b\000V\000e\000r\000t}{subsection.4.11.1}
\BOOKMARK [2][-]{subsection.4.11.2}{\376\377\000F\000u\000n\000c\000t\000i\000o\000n\000\040\000D\000o\000c\000u\000m\000e\000n\000t\000a\000t\000i\000o\000n}{section.4.11}
\BOOKMARK [3][-]{subsubsection.4.11.2.1}{\376\377\000m\000\137\000a\000l\000l\000o\000c\000G\000r\000a\000p\000h}{subsection.4.11.2}
\BOOKMARK [3][-]{subsubsection.4.11.2.2}{\376\377\000m\000\137\000c\000o\000p\000y\000G\000r\000a\000p\000h}{subsection.4.11.2}
\BOOKMARK [3][-]{subsubsection.4.11.2.3}{\376\377\000m\000\137\000e\000d\000g\000e\000V\000a\000l}{subsection.4.11.2}
\BOOKMARK [3][-]{subsubsection.4.11.2.4}{\376\377\000m\000\137\000f\000r\000e\000e\000G\000r\000a\000p\000h}{subsection.4.11.2}
\BOOKMARK [3][-]{subsubsection.4.11.2.5}{\376\377\000m\000\137\000i\000n\000N\000e\000i\000g\000h\000b}{subsection.4.11.2}
\BOOKMARK [3][-]{subsubsection.4.11.2.6}{\376\377\000m\000\137\000o\000u\000t\000N\000e\000i\000g\000h\000b}{subsection.4.11.2}
\BOOKMARK [3][-]{subsubsection.4.11.2.7}{\376\377\000m\000\137\000s\000e\000t\000E\000d\000g\000e}{subsection.4.11.2}
\BOOKMARK [1][-]{section.4.12}{\376\377\000s\000r\000c\000/\000m\000a\000t\000\137\000g\000r\000a\000p\000h\000.\000h\000\040\000F\000i\000l\000e\000\040\000R\000e\000f\000e\000r\000e\000n\000c\000e}{chapter.4}
\BOOKMARK [2][-]{subsection.4.12.1}{\376\377\000F\000u\000n\000c\000t\000i\000o\000n\000\040\000D\000o\000c\000u\000m\000e\000n\000t\000a\000t\000i\000o\000n}{section.4.12}
\BOOKMARK [3][-]{subsubsection.4.12.1.1}{\376\377\000m\000\137\000a\000l\000l\000o\000c\000G\000r\000a\000p\000h}{subsection.4.12.1}
\BOOKMARK [3][-]{subsubsection.4.12.1.2}{\376\377\000m\000\137\000c\000o\000p\000y\000G\000r\000a\000p\000h}{subsection.4.12.1}
\BOOKMARK [3][-]{subsubsection.4.12.1.3}{\376\377\000m\000\137\000e\000d\000g\000e\000V\000a\000l}{subsection.4.12.1}
\BOOKMARK [3][-]{subsubsection.4.12.1.4}{\376\377\000m\000\137\000f\000r\000e\000e\000G\000r\000a\000p\000h}{subsection.4.12.1}
\BOOKMARK [3][-]{subsubsection.4.12.1.5}{\376\377\000m\000\137\000i\000n\000N\000e\000i\000g\000h\000b}{subsection.4.12.1}
\BOOKMARK [3][-]{subsubsection.4.12.1.6}{\376\377\000m\000\137\000o\000u\000t\000N\000e\000i\000g\000h\000b}{subsection.4.12.1}
\BOOKMARK [3][-]{subsubsection.4.12.1.7}{\376\377\000m\000\137\000s\000e\000t\000E\000d\000g\000e}{subsection.4.12.1}
